::1 - - [16/Sep/2023:11:40:57 +0000] "GET /api/google-auth/logout HTTP/1.1" 500 2026
::1 - - [16/Sep/2023:11:41:30 +0000] "GET /api/cards HTTP/1.1" 400 289
::1 - - [16/Sep/2023:11:41:50 +0000] "GET /api/cards HTTP/1.1" 400 289
::1 - - [16/Sep/2023:11:41:53 +0000] "GET /api/google-auth/login/success HTTP/1.1" 403 41
::1 - - [16/Sep/2023:11:42:40 +0000] "GET /api/cards HTTP/1.1" 400 289
::1 - - [16/Sep/2023:11:43:00 +0000] "GET /api/cards HTTP/1.1" 400 289
::1 - - [16/Sep/2023:11:46:55 +0000] "GET /api/google-auth/login/success HTTP/1.1" 403 41
::1 - - [16/Sep/2023:11:48:07 +0000] "GET /api/cards HTTP/1.1" 400 289
::1 - - [16/Sep/2023:11:48:27 +0000] "GET /api/cards HTTP/1.1" 400 289
::1 - - [16/Sep/2023:11:52:28 +0000] "GET /api/cards HTTP/1.1" 400 289
::1 - - [16/Sep/2023:11:53:05 +0000] "GET /api/cards HTTP/1.1" 400 289
::1 - - [16/Sep/2023:11:53:25 +0000] "GET /api/cards HTTP/1.1" 400 289
::1 - - [16/Sep/2023:11:55:54 +0000] "GET /api/cards HTTP/1.1" 400 289
::1 - - [16/Sep/2023:11:56:14 +0000] "GET /api/cards HTTP/1.1" 400 289
::1 - - [16/Sep/2023:11:59:38 +0000] "GET /api/cards HTTP/1.1" 400 289
::1 - - [16/Sep/2023:11:59:58 +0000] "GET /api/cards HTTP/1.1" 400 289
::1 - - [16/Sep/2023:12:18:42 +0000] "GET /api/google-auth/auth/google HTTP/1.1" 500 1996
::1 - - [16/Sep/2023:12:19:23 +0000] "GET /api/google-auth/auth/google HTTP/1.1" 500 1996
::1 - - [16/Sep/2023:14:12:57 +0000] "GET /api/google-auth/login/success HTTP/1.1" 403 41
::1 - - [16/Sep/2023:14:16:55 +0000] "GET /api/google-auth/login/success HTTP/1.1" 403 41
::1 - - [16/Sep/2023:14:23:20 +0000] "GET /api/google-auth/login/success HTTP/1.1" 403 41
::1 - - [16/Sep/2023:14:26:00 +0000] "GET /api/google-auth/login/success HTTP/1.1" 403 41
::1 - - [16/Sep/2023:14:52:15 +0000] "GET /api/google-auth/login/success HTTP/1.1" 403 41
::1 - - [16/Sep/2023:14:54:34 +0000] "GET /api/google-auth/login/success HTTP/1.1" 403 41
::1 - - [16/Sep/2023:15:57:07 +0000] "GET /api/google-auth/auth/google/callback?code=4%2F0Adeu5BWZc4qzvVipLOq88frWsLiSjEhF3Fi3S5aYKDpTbOeiHDxdl_S3rIs7qKHiRCqKwQ&scope=email+profile+https%3A%2F%2Fwww.googleapis.com%2Fauth%2Fuserinfo.profile+https%3A%2F%2Fwww.googleapis.com%2Fauth%2Fuserinfo.email+openid&authuser=0&prompt=none HTTP/1.1" 500 2122
::1 - - [16/Sep/2023:15:57:30 +0000] "GET /api/google-auth/auth/google/callback?code=4%2F0AfJohXmPLzi4WXD1jq2JN1iCFD5YT0jbc8UDxR1cGy-2_eP1SZ0_H4lKFrY80vlI4MCFXQ&scope=email+profile+openid+https%3A%2F%2Fwww.googleapis.com%2Fauth%2Fuserinfo.email+https%3A%2F%2Fwww.googleapis.com%2Fauth%2Fuserinfo.profile&authuser=0&prompt=none HTTP/1.1" 500 1871
::1 - - [16/Sep/2023:16:00:23 +0000] "GET /api/google-auth/auth/google/callback?code=4%2F0Adeu5BXQtsR1NlVYdwzOO73vHZwR_Tpvb9WhPuxbDLmRr-OWI-6QTRLeU3DbLdJOfJa4Ig&scope=email+profile+https%3A%2F%2Fwww.googleapis.com%2Fauth%2Fuserinfo.profile+https%3A%2F%2Fwww.googleapis.com%2Fauth%2Fuserinfo.email+openid&authuser=0&prompt=none HTTP/1.1" 500 2122
::1 - - [16/Sep/2023:16:00:48 +0000] "GET /api/google-auth/auth/google/callback?code=4%2F0Adeu5BX2fK70j2cDPh-9nkFsJJd07ENE3cpeOdYnPgpA7J-SVyjD9H9iMsfNNN-HukbVcw&scope=email+profile+openid+https%3A%2F%2Fwww.googleapis.com%2Fauth%2Fuserinfo.email+https%3A%2F%2Fwww.googleapis.com%2Fauth%2Fuserinfo.profile&authuser=0&prompt=none HTTP/1.1" 500 2122
::1 - - [16/Sep/2023:16:10:14 +0000] "GET /api/google-auth/auth/google/callback?code=4%2F0Adeu5BXQ9rwUV7tEsJgBVsdj8VKZql2zYf_j4kZi6A2jY1MbksZlId4tSuGNT57ncKc6jA&scope=email+profile+https%3A%2F%2Fwww.googleapis.com%2Fauth%2Fuserinfo.profile+https%3A%2F%2Fwww.googleapis.com%2Fauth%2Fuserinfo.email+openid&authuser=0&prompt=none HTTP/1.1" 500 1293
::1 - - [16/Sep/2023:17:27:15 +0000] "GET /api/google-auth/login/success HTTP/1.1" 403 41
::1 - - [16/Sep/2023:17:27:15 +0000] "GET /api/google-auth/login/success HTTP/1.1" 403 41
::1 - - [16/Sep/2023:17:44:07 +0000] "GET /api/google-auth/login/success HTTP/1.1" 403 41
::1 - - [16/Sep/2023:17:44:07 +0000] "GET /api/google-auth/login/success HTTP/1.1" 403 41
::1 - - [16/Sep/2023:17:44:07 +0000] "GET /api/google-auth/login/success HTTP/1.1" 403 41
::1 - - [16/Sep/2023:17:44:54 +0000] "GET /api/google-auth/login/success HTTP/1.1" 403 41
::1 - - [16/Sep/2023:17:44:54 +0000] "GET /api/google-auth/login/success HTTP/1.1" 403 41
::1 - - [16/Sep/2023:17:44:54 +0000] "GET /api/google-auth/login/success HTTP/1.1" 403 41
::1 - - [16/Sep/2023:17:45:10 +0000] "GET /api/google-auth/login/success HTTP/1.1" 403 41
::1 - - [16/Sep/2023:17:45:10 +0000] "GET /api/google-auth/login/success HTTP/1.1" 403 41
::1 - - [16/Sep/2023:17:45:10 +0000] "GET /api/google-auth/login/success HTTP/1.1" 403 41
